<?xml version="1.0" encoding="UTF-8"?>
<!-- Generated by org.testng.reporters.JUnitReportReporter -->
<testsuite hostname="Laptop-Jaskirat" failures="0" tests="1" name="selenium.LaunchBrowser" time="120.669" errors="0" timestamp="2022-09-13T10:51:40 IST" skipped="0">
  <testcase classname="selenium.LaunchBrowser" name="launchBrowserViaWebDriverManager" time="120.669"/>
  <system-out/>
</testsuite> <!-- selenium.LaunchBrowser -->
