<?xml version="1.0" encoding="UTF-8"?>
<!-- Generated by org.testng.reporters.JUnitReportReporter -->
<testsuite hostname="Laptop-Jaskirat" failures="0" tests="1" name="handsonexercises.SelectDropdown" time="61.155" errors="0" timestamp="2022-09-14T14:49:39 IST" skipped="0">
  <testcase classname="handsonexercises.SelectDropdown" name="selectTest" time="61.155"/>
  <system-out/>
</testsuite> <!-- handsonexercises.SelectDropdown -->
