<?xml version="1.0" encoding="UTF-8"?>
<!-- Generated by org.testng.reporters.JUnitReportReporter -->
<testsuite hostname="Laptop-Jaskirat" failures="0" tests="1" name="handsonexercises.Frames" time="20.984" errors="0" timestamp="2022-09-14T16:53:03 IST" skipped="0">
  <testcase classname="handsonexercises.Frames" name="framesTest" time="20.984"/>
  <system-out/>
</testsuite> <!-- handsonexercises.Frames -->
