<?xml version="1.0" encoding="UTF-8"?>
<!-- Generated by org.testng.reporters.JUnitReportReporter -->
<testsuite hostname="Laptop-Jaskirat" failures="0" tests="4" name="testng.threading.ClassOne" time="0.105" errors="0" timestamp="2022-09-19T16:09:43 IST" skipped="0">
  <testcase classname="testng.threading.ClassOne" name="firstTest" time="0.037"/>
  <system-out/>
  <testcase classname="testng.threading.ClassOne" name="secondTest" time="0.013"/>
  <system-out/>
  <testcase classname="testng.threading.ClassOne" name="thirdTest" time="0.018"/>
  <system-out/>
  <testcase classname="testng.threading.ClassOne" name="fourthTest" time="0.037"/>
  <system-out/>
</testsuite> <!-- testng.threading.ClassOne -->
