<?xml version="1.0" encoding="UTF-8"?>
<!-- Generated by org.testng.reporters.JUnitReportReporter -->
<testsuite hostname="Laptop-Jaskirat" failures="0" tests="1" name="selenium.GetExamples" time="14.396" errors="0" timestamp="2022-09-19T17:08:37 IST" skipped="0">
  <testcase classname="selenium.GetExamples" name="getGoogleExample" time="14.396"/>
  <system-out/>
</testsuite> <!-- selenium.GetExamples -->
