<?xml version="1.0" encoding="UTF-8"?>
<!-- Generated by org.testng.reporters.JUnitReportReporter -->
<testsuite hostname="Laptop-Jaskirat" failures="0" tests="1" name="datadriven.ReadFromPropFile" time="23.437" errors="0" timestamp="2022-09-15T17:08:15 IST" skipped="0">
  <testcase classname="datadriven.ReadFromPropFile" name="readFromPropFileTest" time="23.437"/>
  <system-out/>
</testsuite> <!-- datadriven.ReadFromPropFile -->
