<?xml version="1.0" encoding="UTF-8"?>
<!-- Generated by org.testng.reporters.JUnitReportReporter -->
<testsuite hostname="Laptop-Jaskirat" failures="0" tests="4" name="testng.threading.ClassTwo" time="0.082" errors="0" timestamp="2022-09-19T16:09:43 IST" skipped="0">
  <testcase classname="testng.threading.ClassTwo" name="firstTest" time="0.040"/>
  <system-out/>
  <testcase classname="testng.threading.ClassTwo" name="secondTest" time="0.021"/>
  <system-out/>
  <testcase classname="testng.threading.ClassTwo" name="thirdTest" time="0.005"/>
  <system-out/>
  <testcase classname="testng.threading.ClassTwo" name="fourthTest" time="0.016"/>
  <system-out/>
</testsuite> <!-- testng.threading.ClassTwo -->
