<?xml version="1.0" encoding="UTF-8"?>
<!-- Generated by org.testng.reporters.JUnitReportReporter -->
<testsuite hostname="Laptop-Jaskirat" failures="0" tests="1" name="handsonexercises.SwitchWindow" time="121.303" errors="0" timestamp="2022-09-15T13:15:22 IST" skipped="0">
  <testcase classname="handsonexercises.SwitchWindow" name="switchWindow" time="121.303"/>
  <system-out/>
</testsuite> <!-- handsonexercises.SwitchWindow -->
