<?xml version="1.0" encoding="UTF-8"?>
<!-- Generated by org.testng.reporters.JUnitReportReporter -->
<testsuite hostname="Laptop-Jaskirat" failures="0" tests="2" name="testng.TestNGThirdExample" time="0.018" errors="0" timestamp="2022-09-12T16:49:33 IST" skipped="0">
  <testcase classname="testng.TestNGThirdExample" name="firstTest" time="0.014"/>
  <system-out/>
  <testcase classname="testng.TestNGThirdExample" name="secondTest" time="0.004"/>
  <system-out/>
</testsuite> <!-- testng.TestNGThirdExample -->
