<?xml version="1.0" encoding="UTF-8"?>
<!-- Generated by org.testng.reporters.JUnitReportReporter -->
<testsuite hostname="Laptop-Jaskirat" failures="0" tests="1" name="handsonexercises.TableSearch" time="0.499" errors="0" timestamp="2022-09-14T15:38:03 IST" skipped="0">
  <testcase classname="handsonexercises.TableSearch" name="tableSearchTest" time="0.499"/>
  <system-out/>
</testsuite> <!-- handsonexercises.TableSearch -->
