<?xml version="1.0" encoding="UTF-8"?>
<!-- Generated by org.testng.reporters.JUnitReportReporter -->
<testsuite hostname="Laptop-Jaskirat" failures="0" tests="1" name="handsonexercises.DragAndDrop" time="25.822" errors="0" timestamp="2022-09-15T11:32:34 IST" skipped="0">
  <testcase classname="handsonexercises.DragAndDrop" name="dragAndDropTest" time="25.822"/>
  <system-out/>
</testsuite> <!-- handsonexercises.DragAndDrop -->
