<?xml version="1.0" encoding="UTF-8"?>
<!-- Generated by org.testng.reporters.JUnitReportReporter -->
<testsuite hostname="Laptop-Jaskirat" failures="0" tests="1" name="datadriven.ExcelInteraction" time="66.738" errors="0" timestamp="2022-09-16T10:01:30 IST" skipped="0">
  <testcase classname="datadriven.ExcelInteraction" name="excelInteractionFromUtilTest" time="66.738"/>
  <system-out/>
</testsuite> <!-- datadriven.ExcelInteraction -->
