<?xml version="1.0" encoding="UTF-8"?>
<!-- Generated by org.testng.reporters.JUnitReportReporter -->
<testsuite hostname="Laptop-Jaskirat" failures="0" tests="2" name="testng.TestNGSecondExample" time="0.012" errors="0" timestamp="2022-09-12T16:49:33 IST" skipped="0">
  <testcase classname="testng.TestNGSecondExample" name="secondTest" time="0.003"/>
  <system-out/>
  <testcase classname="testng.TestNGSecondExample" name="firstTest" time="0.009"/>
  <system-out/>
</testsuite> <!-- testng.TestNGSecondExample -->
