<?xml version="1.0" encoding="UTF-8"?>
<!-- Generated by org.testng.reporters.JUnitReportReporter -->
<testsuite hostname="Laptop-Jaskirat" failures="0" tests="1" name="handsonexercises.MouseHover" time="15.325" errors="0" timestamp="2022-09-15T12:07:34 IST" skipped="0">
  <testcase classname="handsonexercises.MouseHover" name="mouseHoverTest" time="15.325"/>
  <system-out/>
</testsuite> <!-- handsonexercises.MouseHover -->
