<?xml version="1.0" encoding="UTF-8"?>
<!-- Generated by org.testng.reporters.JUnitReportReporter -->
<testsuite hostname="Laptop-Jaskirat" failures="0" tests="1" name="testng.advanced.ClassOne" time="0.035" errors="0" timestamp="2022-09-19T15:10:58 IST" skipped="0">
  <testcase classname="testng.advanced.ClassOne" name="testTwo" time="0.035"/>
  <system-out/>
</testsuite> <!-- testng.advanced.ClassOne -->
