<?xml version="1.0" encoding="UTF-8"?>
<!-- Generated by org.testng.reporters.JUnitReportReporter -->
<testsuite hostname="Laptop-Jaskirat" failures="0" tests="1" name="handsonexercises.DatePicker" time="0.865" errors="0" timestamp="2022-09-13T17:36:08 IST" skipped="0">
  <testcase classname="handsonexercises.DatePicker" name="jsConfirmBoxTest" time="0.865"/>
  <system-out/>
</testsuite> <!-- handsonexercises.DatePicker -->
