<?xml version="1.0" encoding="UTF-8"?>
<!-- Generated by org.testng.reporters.JUnitReportReporter -->
<testsuite hostname="Laptop-Jaskirat" failures="0" tests="3" name="testng.TestNGExample" time="0.073" errors="0" timestamp="2022-09-19T14:32:30 IST" skipped="0">
  <testcase classname="testng.TestNGExample" name="createEmployee" time="0.048"/>
  <system-out/>
  <testcase classname="testng.TestNGExample" name="updateEmployee" time="0.015"/>
  <system-out/>
  <testcase classname="testng.TestNGExample" name="deleteEmployee" time="0.010"/>
  <system-out/>
</testsuite> <!-- testng.TestNGExample -->
