<?xml version="1.0" encoding="UTF-8"?>
<!-- Generated by org.testng.reporters.JUnitReportReporter -->
<testsuite hostname="Laptop-Jaskirat" failures="0" tests="1" name="handsonexercises.ProgressBar" time="18.354" errors="0" timestamp="2022-09-14T17:24:09 IST" skipped="0">
  <testcase classname="handsonexercises.ProgressBar" name="progressBarTest" time="18.354"/>
  <system-out/>
</testsuite> <!-- handsonexercises.ProgressBar -->
