<?xml version="1.0" encoding="UTF-8"?>
<!-- Generated by org.testng.reporters.JUnitReportReporter -->
<testsuite hostname="Laptop-Jaskirat" failures="0" tests="1" name="handsonexercises.InputBox" time="90.085" errors="0" timestamp="2022-09-14T11:43:25 IST" skipped="0">
  <testcase classname="handsonexercises.InputBox" name="inputBoxTest" time="90.085"/>
  <system-out/>
</testsuite> <!-- handsonexercises.InputBox -->
