<?xml version="1.0" encoding="UTF-8"?>
<!-- Generated by org.testng.reporters.JUnitReportReporter -->
<testsuite hostname="Laptop-Jaskirat" failures="0" tests="1" name="handsonexercises.AlertBox" time="0.886" errors="0" timestamp="2022-09-13T16:27:36 IST" skipped="0">
  <testcase classname="handsonexercises.AlertBox" name="jsConfirmBoxTest" time="0.886"/>
  <system-out/>
</testsuite> <!-- handsonexercises.AlertBox -->
